2026-01-09 09:40:07,134 [INFO] Logging enabled
2026-01-09 09:40:14,133 [INFO] User asked: what is python
2026-01-09 09:40:14,134 [INFO] Answer found for: what is python
2026-01-09 09:40:24,844 [INFO] User asked: what is 2 plus 2
2026-01-09 09:40:24,845 [INFO] Answer found for: what is 2 plus 2
2026-01-09 09:42:52,374 [INFO] Logging enabled
2026-01-09 09:42:52,374 [INFO] User asked: what is python
2026-01-09 09:42:52,374 [INFO] Answer found for: what is python
2026-01-09 09:43:19,109 [WARNING] Unknown question: unknown question
2026-01-09 11:51:45,567 [INFO] Logging enabled
2026-01-09 11:52:02,221 [INFO] User asked: what is 2 plus 2
2026-01-09 11:52:02,221 [INFO] Answer found for: what is 2 plus 2
2026-01-09 11:52:25,032 [WARNING] Unknown question: unknown question
2026-01-19 14:07:39,420 [INFO] Logging enabled
2026-01-19 14:07:39,420 [INFO] User asked: what is python
2026-01-19 14:07:39,420 [INFO] Answer found for: what is python
2026-01-19 14:09:45,081 [WARNING] Unknown question: unknown question
2026-01-19 14:51:12,450 [WARNING] Unknown question: python chatbot.py --log
2026-01-20 01:42:01,175 [INFO] Logging enabled
2026-01-21 02:42:15,735 [WARNING] Unknown question: #21
2026-01-21 02:43:04,320 [INFO] Logging enabled
2026-01-21 02:43:21,394 [INFO] User asked: what is python
2026-01-21 02:43:21,394 [INFO] Answer found for: what is python
2026-01-21 02:44:05,673 [INFO] User asked: python chatbot.py --log --log-level INFO --question "what is python"
2026-01-21 02:44:05,673 [WARNING] Unknown question: python chatbot.py --log --log-level info --question "what is python"
2026-01-21 02:44:33,861 [WARNING] Unknown question: unknown question
2026-01-21 02:44:38,254 [WARNING] Unknown question: unknown question
